[12.06.23|11:16:37] Folder: "/db" FOUND
[12.06.23|11:16:37] DATABASE: "users.db" FOUND
[12.06.23|11:16:37] TABLE: "Users" FOUND
[12.06.23|11:16:37] DATABASE: "posts.db" FOUND
[12.06.23|11:16:37] TABLE: "Posts" FOUND
[12.06.23|11:16:37] DATABASE: "comments.db" FOUND
[12.06.23|11:16:37] TABLE: "Comments" FOUND
[12.06.23|11:16:37] Folder: "/db" FOUND
[12.06.23|11:16:37] DATABASE: "users.db" FOUND
[12.06.23|11:16:37] TABLE: "Users" FOUND
[12.06.23|11:16:37] DATABASE: "posts.db" FOUND
[12.06.23|11:16:37] TABLE: "Posts" FOUND
[12.06.23|11:16:37] DATABASE: "comments.db" FOUND
[12.06.23|11:16:37] TABLE: "Comments" FOUND
[12.06.23|11:16:49] POST: "3" FOUND
[12.06.23|11:50:03] Folder: "/db" FOUND
[12.06.23|11:50:03] DATABASE: "users.db" FOUND
[12.06.23|11:50:03] TABLE: "Users" FOUND
[12.06.23|11:50:03] DATABASE: "posts.db" FOUND
[12.06.23|11:50:03] TABLE: "Posts" FOUND
[12.06.23|11:50:03] DATABASE: "comments.db" FOUND
[12.06.23|11:50:03] TABLE: "Comments" FOUND
[12.06.23|11:50:03] Folder: "/db" FOUND
[12.06.23|11:50:03] DATABASE: "users.db" FOUND
[12.06.23|11:50:03] TABLE: "Users" FOUND
[12.06.23|11:50:03] DATABASE: "posts.db" FOUND
[12.06.23|11:50:03] TABLE: "Posts" FOUND
[12.06.23|11:50:03] DATABASE: "comments.db" FOUND
[12.06.23|11:50:03] TABLE: "Comments" FOUND
[12.06.23|19:30:40] 404
[13.06.23|06:00:59] 404
[13.06.23|12:35:29] 404
[13.06.23|20:27:03] 404
[14.06.23|05:21:05] 404
[14.06.23|05:21:06] 404
[03.07.23|12:16:01] Folder: "/db" FOUND
[03.07.23|12:16:01] DATABASE: "users.db" FOUND
[03.07.23|12:16:01] TABLE: "Users" FOUND
[03.07.23|12:16:01] DATABASE: "posts.db" FOUND
[03.07.23|12:16:01] TABLE: "Posts" FOUND
[03.07.23|12:16:01] DATABASE: "comments.db" FOUND
[03.07.23|12:16:01] TABLE: "Comments" FOUND
[03.07.23|12:16:01] Folder: "/db" FOUND
[03.07.23|12:16:01] DATABASE: "users.db" FOUND
[03.07.23|12:16:01] TABLE: "Users" FOUND
[03.07.23|12:16:01] DATABASE: "posts.db" FOUND
[03.07.23|12:16:01] TABLE: "Posts" FOUND
[03.07.23|12:16:01] DATABASE: "comments.db" FOUND
[03.07.23|12:16:01] TABLE: "Comments" FOUND
[03.07.23|12:33:35] Folder: "/db" FOUND
[03.07.23|12:33:35] DATABASE: "users.db" FOUND
[03.07.23|12:33:35] TABLE: "Users" FOUND
[03.07.23|12:33:35] DATABASE: "posts.db" FOUND
[03.07.23|12:33:35] TABLE: "Posts" FOUND
[03.07.23|12:33:35] DATABASE: "comments.db" FOUND
[03.07.23|12:33:35] TABLE: "Comments" FOUND
[03.07.23|12:33:37] Folder: "/db" FOUND
[03.07.23|12:33:37] DATABASE: "users.db" FOUND
[03.07.23|12:33:37] TABLE: "Users" FOUND
[03.07.23|12:33:37] DATABASE: "posts.db" FOUND
[03.07.23|12:33:37] TABLE: "Posts" FOUND
[03.07.23|12:33:37] DATABASE: "comments.db" FOUND
[03.07.23|12:33:37] TABLE: "Comments" FOUND
[03.07.23|12:33:37] Folder: "/db" FOUND
[03.07.23|12:33:37] DATABASE: "users.db" FOUND
[03.07.23|12:33:37] TABLE: "Users" FOUND
[03.07.23|12:33:37] DATABASE: "posts.db" FOUND
[03.07.23|12:33:37] TABLE: "Posts" FOUND
[03.07.23|12:33:37] DATABASE: "comments.db" FOUND
[03.07.23|12:33:37] TABLE: "Comments" FOUND
[03.07.23|12:33:50] Folder: "/db" FOUND
[03.07.23|12:33:50] DATABASE: "users.db" FOUND
[03.07.23|12:33:50] TABLE: "Users" FOUND
[03.07.23|12:33:50] DATABASE: "posts.db" FOUND
[03.07.23|12:33:50] TABLE: "Posts" FOUND
[03.07.23|12:33:50] DATABASE: "comments.db" FOUND
[03.07.23|12:33:50] TABLE: "Comments" FOUND
[03.07.23|12:33:52] Folder: "/db" FOUND
[03.07.23|12:33:52] DATABASE: "users.db" FOUND
[03.07.23|12:33:52] TABLE: "Users" FOUND
[03.07.23|12:33:52] DATABASE: "posts.db" FOUND
[03.07.23|12:33:52] TABLE: "Posts" FOUND
[03.07.23|12:33:52] DATABASE: "comments.db" FOUND
[03.07.23|12:33:52] TABLE: "Comments" FOUND
[03.07.23|12:33:52] Folder: "/db" FOUND
[03.07.23|12:33:52] DATABASE: "users.db" FOUND
[03.07.23|12:33:52] TABLE: "Users" FOUND
[03.07.23|12:33:52] DATABASE: "posts.db" FOUND
[03.07.23|12:33:52] TABLE: "Posts" FOUND
[03.07.23|12:33:52] DATABASE: "comments.db" FOUND
[03.07.23|12:33:52] TABLE: "Comments" FOUND
[03.07.23|12:34:05] Folder: "/db" FOUND
[03.07.23|12:34:05] DATABASE: "users.db" FOUND
[03.07.23|12:34:05] TABLE: "Users" FOUND
[03.07.23|12:34:05] DATABASE: "posts.db" FOUND
[03.07.23|12:34:05] TABLE: "Posts" FOUND
[03.07.23|12:34:05] DATABASE: "comments.db" FOUND
[03.07.23|12:34:05] TABLE: "Comments" FOUND
[03.07.23|12:42:19] Folder: "/db" FOUND
[03.07.23|12:42:19] DATABASE: "users.db" FOUND
[03.07.23|12:42:19] TABLE: "Users" FOUND
[03.07.23|12:42:19] DATABASE: "posts.db" FOUND
[03.07.23|12:42:19] TABLE: "Posts" FOUND
[03.07.23|12:42:19] DATABASE: "comments.db" FOUND
[03.07.23|12:42:19] TABLE: "Comments" FOUND
[03.07.23|12:45:43] Folder: "/db" FOUND
[03.07.23|12:45:43] DATABASE: "users.db" FOUND
[03.07.23|12:45:43] TABLE: "Users" FOUND
[03.07.23|12:45:43] DATABASE: "posts.db" FOUND
[03.07.23|12:45:43] TABLE: "Posts" FOUND
[03.07.23|12:45:43] DATABASE: "comments.db" FOUND
[03.07.23|12:45:43] TABLE: "Comments" FOUND
[03.07.23|12:45:51] Folder: "/db" FOUND
[03.07.23|12:45:51] DATABASE: "users.db" FOUND
[03.07.23|12:45:51] TABLE: "Users" FOUND
[03.07.23|12:45:51] DATABASE: "posts.db" FOUND
[03.07.23|12:45:51] TABLE: "Posts" FOUND
[03.07.23|12:45:51] DATABASE: "comments.db" FOUND
[03.07.23|12:45:51] TABLE: "Comments" FOUND
[03.07.23|12:45:51] Folder: "/db" FOUND
[03.07.23|12:45:51] DATABASE: "users.db" FOUND
[03.07.23|12:45:51] TABLE: "Users" FOUND
[03.07.23|12:45:51] DATABASE: "posts.db" FOUND
[03.07.23|12:45:51] TABLE: "Posts" FOUND
[03.07.23|12:45:51] DATABASE: "comments.db" FOUND
[03.07.23|12:45:51] TABLE: "Comments" FOUND
[03.07.23|12:46:07] Folder: "/db" FOUND
[03.07.23|12:46:07] DATABASE: "users.db" FOUND
[03.07.23|12:46:07] TABLE: "Users" FOUND
[03.07.23|12:46:07] DATABASE: "posts.db" FOUND
[03.07.23|12:46:07] TABLE: "Posts" FOUND
[03.07.23|12:46:07] DATABASE: "comments.db" FOUND
[03.07.23|12:46:07] TABLE: "Comments" FOUND
[03.07.23|12:46:10] Folder: "/db" FOUND
[03.07.23|12:46:10] DATABASE: "users.db" FOUND
[03.07.23|12:46:10] TABLE: "Users" FOUND
[03.07.23|12:46:10] DATABASE: "posts.db" FOUND
[03.07.23|12:46:10] TABLE: "Posts" FOUND
[03.07.23|12:46:10] DATABASE: "comments.db" FOUND
[03.07.23|12:46:10] TABLE: "Comments" FOUND
[03.07.23|12:46:10] Folder: "/db" FOUND
[03.07.23|12:46:10] DATABASE: "users.db" FOUND
[03.07.23|12:46:10] TABLE: "Users" FOUND
[03.07.23|12:46:10] DATABASE: "posts.db" FOUND
[03.07.23|12:46:10] TABLE: "Posts" FOUND
[03.07.23|12:46:10] DATABASE: "comments.db" FOUND
[03.07.23|12:46:10] TABLE: "Comments" FOUND
[03.07.23|12:46:36] Folder: "/db" FOUND
[03.07.23|12:46:36] DATABASE: "users.db" FOUND
[03.07.23|12:46:36] TABLE: "Users" FOUND
[03.07.23|12:46:36] DATABASE: "posts.db" FOUND
[03.07.23|12:46:36] TABLE: "Posts" FOUND
[03.07.23|12:46:36] DATABASE: "comments.db" FOUND
[03.07.23|12:46:36] TABLE: "Comments" FOUND
[03.07.23|12:48:53] POST: "1" FOUND
[03.07.23|12:54:16] Folder: "/db" FOUND
[03.07.23|12:54:16] DATABASE: "users.db" FOUND
[03.07.23|12:54:16] TABLE: "Users" FOUND
[03.07.23|12:54:16] DATABASE: "posts.db" FOUND
[03.07.23|12:54:16] TABLE: "Posts" FOUND
[03.07.23|12:54:16] DATABASE: "comments.db" FOUND
[03.07.23|12:54:16] TABLE: "Comments" FOUND
[03.07.23|12:54:27] Folder: "/db" FOUND
[03.07.23|12:54:27] DATABASE: "users.db" FOUND
[03.07.23|12:54:27] TABLE: "Users" FOUND
[03.07.23|12:54:27] DATABASE: "posts.db" FOUND
[03.07.23|12:54:27] TABLE: "Posts" FOUND
[03.07.23|12:54:27] DATABASE: "comments.db" FOUND
[03.07.23|12:54:27] TABLE: "Comments" FOUND
[03.07.23|12:54:27] Folder: "/db" FOUND
[03.07.23|12:54:27] DATABASE: "users.db" FOUND
[03.07.23|12:54:27] TABLE: "Users" FOUND
[03.07.23|12:54:27] DATABASE: "posts.db" FOUND
[03.07.23|12:54:27] TABLE: "Posts" FOUND
[03.07.23|12:54:27] DATABASE: "comments.db" FOUND
[03.07.23|12:54:27] TABLE: "Comments" FOUND
[03.07.23|12:55:10] Folder: "/db" FOUND
[03.07.23|12:55:10] DATABASE: "users.db" FOUND
[03.07.23|12:55:10] TABLE: "Users" FOUND
[03.07.23|12:55:10] DATABASE: "posts.db" FOUND
[03.07.23|12:55:10] TABLE: "Posts" FOUND
[03.07.23|12:55:10] DATABASE: "comments.db" FOUND
[03.07.23|12:55:10] TABLE: "Comments" FOUND
[03.07.23|12:55:13] Folder: "/db" FOUND
[03.07.23|12:55:13] DATABASE: "users.db" FOUND
[03.07.23|12:55:13] TABLE: "Users" FOUND
[03.07.23|12:55:13] DATABASE: "posts.db" FOUND
[03.07.23|12:55:13] TABLE: "Posts" FOUND
[03.07.23|12:55:13] DATABASE: "comments.db" FOUND
[03.07.23|12:55:13] TABLE: "Comments" FOUND
[03.07.23|12:55:13] Folder: "/db" FOUND
[03.07.23|12:55:13] DATABASE: "users.db" FOUND
[03.07.23|12:55:13] TABLE: "Users" FOUND
[03.07.23|12:55:13] DATABASE: "posts.db" FOUND
[03.07.23|12:55:13] TABLE: "Posts" FOUND
[03.07.23|12:55:13] DATABASE: "comments.db" FOUND
[03.07.23|12:55:13] TABLE: "Comments" FOUND
[03.07.23|12:55:22] Folder: "/db" FOUND
[03.07.23|12:55:22] DATABASE: "users.db" FOUND
[03.07.23|12:55:22] TABLE: "Users" FOUND
[03.07.23|12:55:22] DATABASE: "posts.db" FOUND
[03.07.23|12:55:22] TABLE: "Posts" FOUND
[03.07.23|12:55:22] DATABASE: "comments.db" FOUND
[03.07.23|12:55:22] TABLE: "Comments" FOUND
[03.07.23|12:55:23] Folder: "/db" FOUND
[03.07.23|12:55:23] DATABASE: "users.db" FOUND
[03.07.23|12:55:23] TABLE: "Users" FOUND
[03.07.23|12:55:23] DATABASE: "posts.db" FOUND
[03.07.23|12:55:23] TABLE: "Posts" FOUND
[03.07.23|12:55:23] DATABASE: "comments.db" FOUND
[03.07.23|12:55:23] TABLE: "Comments" FOUND
[03.07.23|12:55:41] POST: "1" FOUND
[03.07.23|12:56:18] Folder: "/db" FOUND
[03.07.23|12:56:18] DATABASE: "users.db" FOUND
[03.07.23|12:56:18] TABLE: "Users" FOUND
[03.07.23|12:56:18] DATABASE: "posts.db" FOUND
[03.07.23|12:56:18] TABLE: "Posts" FOUND
[03.07.23|12:56:18] DATABASE: "comments.db" FOUND
[03.07.23|12:56:18] TABLE: "Comments" FOUND
[03.07.23|12:56:18] Folder: "/db" FOUND
[03.07.23|12:56:18] DATABASE: "users.db" FOUND
[03.07.23|12:56:18] TABLE: "Users" FOUND
[03.07.23|12:56:18] DATABASE: "posts.db" FOUND
[03.07.23|12:56:18] TABLE: "Posts" FOUND
[03.07.23|12:56:18] DATABASE: "comments.db" FOUND
[03.07.23|12:56:18] TABLE: "Comments" FOUND
[03.07.23|12:56:36] Folder: "/db" FOUND
[03.07.23|12:56:36] DATABASE: "users.db" FOUND
[03.07.23|12:56:36] TABLE: "Users" FOUND
[03.07.23|12:56:36] DATABASE: "posts.db" FOUND
[03.07.23|12:56:36] TABLE: "Posts" FOUND
[03.07.23|12:56:36] DATABASE: "comments.db" FOUND
[03.07.23|12:56:36] TABLE: "Comments" FOUND
[03.07.23|12:56:38] Folder: "/db" FOUND
[03.07.23|12:56:38] DATABASE: "users.db" FOUND
[03.07.23|12:56:38] TABLE: "Users" FOUND
[03.07.23|12:56:38] DATABASE: "posts.db" FOUND
[03.07.23|12:56:38] TABLE: "Posts" FOUND
[03.07.23|12:56:38] DATABASE: "comments.db" FOUND
[03.07.23|12:56:38] TABLE: "Comments" FOUND
[03.07.23|12:56:39] Folder: "/db" FOUND
[03.07.23|12:56:39] DATABASE: "users.db" FOUND
[03.07.23|12:56:39] TABLE: "Users" FOUND
[03.07.23|12:56:39] DATABASE: "posts.db" FOUND
[03.07.23|12:56:39] TABLE: "Posts" FOUND
[03.07.23|12:56:39] DATABASE: "comments.db" FOUND
[03.07.23|12:56:39] TABLE: "Comments" FOUND
[03.07.23|12:57:16] Folder: "/db" FOUND
[03.07.23|12:57:16] DATABASE: "users.db" FOUND
[03.07.23|12:57:16] TABLE: "Users" FOUND
[03.07.23|12:57:16] DATABASE: "posts.db" FOUND
[03.07.23|12:57:16] TABLE: "Posts" FOUND
[03.07.23|12:57:16] DATABASE: "comments.db" FOUND
[03.07.23|12:57:16] TABLE: "Comments" FOUND
[03.07.23|12:57:18] Folder: "/db" FOUND
[03.07.23|12:57:18] DATABASE: "users.db" FOUND
[03.07.23|12:57:18] TABLE: "Users" FOUND
[03.07.23|12:57:18] DATABASE: "posts.db" FOUND
[03.07.23|12:57:18] TABLE: "Posts" FOUND
[03.07.23|12:57:18] DATABASE: "comments.db" FOUND
[03.07.23|12:57:18] TABLE: "Comments" FOUND
[03.07.23|12:57:18] Folder: "/db" FOUND
[03.07.23|12:57:18] DATABASE: "users.db" FOUND
[03.07.23|12:57:18] TABLE: "Users" FOUND
[03.07.23|12:57:18] DATABASE: "posts.db" FOUND
[03.07.23|12:57:18] TABLE: "Posts" FOUND
[03.07.23|12:57:18] DATABASE: "comments.db" FOUND
[03.07.23|12:57:18] TABLE: "Comments" FOUND
[03.07.23|12:59:17] Folder: "/db" FOUND
[03.07.23|12:59:17] DATABASE: "users.db" FOUND
[03.07.23|12:59:17] TABLE: "Users" FOUND
[03.07.23|12:59:17] DATABASE: "posts.db" FOUND
[03.07.23|12:59:17] TABLE: "Posts" FOUND
[03.07.23|12:59:17] DATABASE: "comments.db" FOUND
[03.07.23|12:59:17] TABLE: "Comments" FOUND
[03.07.23|12:59:30] Folder: "/db" FOUND
[03.07.23|12:59:30] DATABASE: "users.db" FOUND
[03.07.23|12:59:30] TABLE: "Users" FOUND
[03.07.23|12:59:30] DATABASE: "posts.db" FOUND
[03.07.23|12:59:30] TABLE: "Posts" FOUND
[03.07.23|12:59:30] DATABASE: "comments.db" FOUND
[03.07.23|12:59:30] TABLE: "Comments" FOUND
[03.07.23|12:59:45] POST: "1" FOUND
[03.07.23|13:00:05] USER: "mayank" ADDED TO DATABASE
[03.07.23|13:00:56] 1 POINTS ADDED TO "mayank"
[03.07.23|13:00:56] USER: "mayank" LOGGED IN
[03.07.23|13:01:00] POST: "1" FOUND
[03.07.23|13:01:03] POST: "1" FOUND
[03.07.23|13:01:05] POST: "3" FOUND
[03.07.23|13:01:10] POST: "1" FOUND
[03.07.23|13:02:46] Folder: "/db" FOUND
[03.07.23|13:02:46] DATABASE: "users.db" FOUND
[03.07.23|13:02:46] TABLE: "Users" FOUND
[03.07.23|13:02:46] DATABASE: "posts.db" FOUND
[03.07.23|13:02:46] TABLE: "Posts" FOUND
[03.07.23|13:02:46] DATABASE: "comments.db" FOUND
[03.07.23|13:02:46] TABLE: "Comments" FOUND
[03.07.23|13:02:50] Folder: "/db" FOUND
[03.07.23|13:02:50] DATABASE: "users.db" FOUND
[03.07.23|13:02:50] TABLE: "Users" FOUND
[03.07.23|13:02:50] DATABASE: "posts.db" FOUND
[03.07.23|13:02:50] TABLE: "Posts" FOUND
[03.07.23|13:02:50] DATABASE: "comments.db" FOUND
[03.07.23|13:02:50] TABLE: "Comments" FOUND
[03.07.23|13:02:50] Folder: "/db" FOUND
[03.07.23|13:02:50] DATABASE: "users.db" FOUND
[03.07.23|13:02:50] TABLE: "Users" FOUND
[03.07.23|13:02:50] DATABASE: "posts.db" FOUND
[03.07.23|13:02:50] TABLE: "Posts" FOUND
[03.07.23|13:02:50] DATABASE: "comments.db" FOUND
[03.07.23|13:02:50] TABLE: "Comments" FOUND
[03.07.23|13:03:00] POST: "1" FOUND
[03.07.23|13:03:05] Folder: "/db" FOUND
[03.07.23|13:03:05] DATABASE: "users.db" FOUND
[03.07.23|13:03:05] TABLE: "Users" FOUND
[03.07.23|13:03:05] DATABASE: "posts.db" FOUND
[03.07.23|13:03:05] TABLE: "Posts" FOUND
[03.07.23|13:03:05] DATABASE: "comments.db" FOUND
[03.07.23|13:03:05] TABLE: "Comments" FOUND
[03.07.23|13:03:08] Folder: "/db" FOUND
[03.07.23|13:03:08] DATABASE: "users.db" FOUND
[03.07.23|13:03:08] TABLE: "Users" FOUND
[03.07.23|13:03:08] DATABASE: "posts.db" FOUND
[03.07.23|13:03:08] TABLE: "Posts" FOUND
[03.07.23|13:03:08] DATABASE: "comments.db" FOUND
[03.07.23|13:03:08] TABLE: "Comments" FOUND
[03.07.23|13:03:13] POST: "1" FOUND
[03.07.23|13:03:19] 1 POINTS ADDED TO "mayank"
[03.07.23|13:03:19] USER: "mayank" LOGGED IN
[03.07.23|13:03:21] POST: "1" FOUND
[03.07.23|13:03:28] POST: "1" FOUND
[03.07.23|13:03:32] Folder: "/db" FOUND
[03.07.23|13:03:32] DATABASE: "users.db" FOUND
[03.07.23|13:03:32] TABLE: "Users" FOUND
[03.07.23|13:03:32] DATABASE: "posts.db" FOUND
[03.07.23|13:03:32] TABLE: "Posts" FOUND
[03.07.23|13:03:32] DATABASE: "comments.db" FOUND
[03.07.23|13:03:32] TABLE: "Comments" FOUND
[03.07.23|13:04:03] Folder: "/db" FOUND
[03.07.23|13:04:03] DATABASE: "users.db" FOUND
[03.07.23|13:04:03] TABLE: "Users" FOUND
[03.07.23|13:04:03] DATABASE: "posts.db" FOUND
[03.07.23|13:04:03] TABLE: "Posts" FOUND
[03.07.23|13:04:03] DATABASE: "comments.db" FOUND
[03.07.23|13:04:03] TABLE: "Comments" FOUND
[03.07.23|13:04:03] Folder: "/db" FOUND
[03.07.23|13:04:03] DATABASE: "users.db" FOUND
[03.07.23|13:04:03] TABLE: "Users" FOUND
[03.07.23|13:04:03] DATABASE: "posts.db" FOUND
[03.07.23|13:04:03] TABLE: "Posts" FOUND
[03.07.23|13:04:03] DATABASE: "comments.db" FOUND
[03.07.23|13:04:03] TABLE: "Comments" FOUND
[03.07.23|13:04:06] POST: "1" FOUND
[03.07.23|13:04:14] 1 POINTS ADDED TO "mayank"
[03.07.23|13:04:14] USER: "mayank" LOGGED IN
[03.07.23|13:04:21] POST: "1" FOUND
[03.07.23|13:04:53] POST: "1" FOUND
[03.07.23|13:04:53] 5 POINTS ADDED TO "mayank"
[03.07.23|13:04:53] POST: "1" FOUND
[03.07.23|13:05:01] POST: "1" FOUND
[03.07.23|13:05:01] 5 POINTS ADDED TO "mayank"
[03.07.23|13:05:01] POST: "1" FOUND
[03.07.23|13:07:12] USER: "mayank" LOGGED OUT
[03.07.23|13:29:58] Folder: "/db" FOUND
[03.07.23|13:29:58] DATABASE: "users.db" FOUND
[03.07.23|13:29:58] TABLE: "Users" FOUND
[03.07.23|13:29:58] DATABASE: "posts.db" FOUND
[03.07.23|13:29:58] TABLE: "Posts" FOUND
[03.07.23|13:29:58] DATABASE: "comments.db" FOUND
[03.07.23|13:29:58] TABLE: "Comments" FOUND
[03.07.23|13:30:04] Folder: "/db" FOUND
[03.07.23|13:30:04] DATABASE: "users.db" FOUND
[03.07.23|13:30:04] TABLE: "Users" FOUND
[03.07.23|13:30:04] DATABASE: "posts.db" FOUND
[03.07.23|13:30:04] TABLE: "Posts" FOUND
[03.07.23|13:30:04] DATABASE: "comments.db" FOUND
[03.07.23|13:30:04] TABLE: "Comments" FOUND
[03.07.23|13:30:05] Folder: "/db" FOUND
[03.07.23|13:30:05] DATABASE: "users.db" FOUND
[03.07.23|13:30:05] TABLE: "Users" FOUND
[03.07.23|13:30:05] DATABASE: "posts.db" FOUND
[03.07.23|13:30:05] TABLE: "Posts" FOUND
[03.07.23|13:30:05] DATABASE: "comments.db" FOUND
[03.07.23|13:30:05] TABLE: "Comments" FOUND
[03.07.23|13:30:05] Folder: "/db" FOUND
[03.07.23|13:30:05] DATABASE: "users.db" FOUND
[03.07.23|13:30:05] TABLE: "Users" FOUND
[03.07.23|13:30:05] DATABASE: "posts.db" FOUND
[03.07.23|13:30:05] TABLE: "Posts" FOUND
[03.07.23|13:30:05] DATABASE: "comments.db" FOUND
[03.07.23|13:30:05] TABLE: "Comments" FOUND
[03.07.23|13:30:24] Folder: "/db" FOUND
[03.07.23|13:30:24] DATABASE: "users.db" FOUND
[03.07.23|13:30:24] TABLE: "Users" FOUND
[03.07.23|13:30:24] DATABASE: "posts.db" FOUND
[03.07.23|13:30:24] TABLE: "Posts" FOUND
[03.07.23|13:30:24] DATABASE: "comments.db" FOUND
[03.07.23|13:30:24] TABLE: "Comments" FOUND
[03.07.23|13:30:50] 1 POINTS ADDED TO "mayank"
[03.07.23|13:30:50] USER: "mayank" LOGGED IN
[03.07.23|13:32:35] Folder: "/db" FOUND
[03.07.23|13:32:35] DATABASE: "users.db" FOUND
[03.07.23|13:32:35] TABLE: "Users" FOUND
[03.07.23|13:32:35] DATABASE: "posts.db" FOUND
[03.07.23|13:32:35] TABLE: "Posts" FOUND
[03.07.23|13:32:35] DATABASE: "comments.db" FOUND
[03.07.23|13:32:35] TABLE: "Comments" FOUND
[03.07.23|13:32:44] Folder: "/db" FOUND
[03.07.23|13:32:44] DATABASE: "users.db" FOUND
[03.07.23|13:32:44] TABLE: "Users" FOUND
[03.07.23|13:32:44] DATABASE: "posts.db" FOUND
[03.07.23|13:32:44] TABLE: "Posts" FOUND
[03.07.23|13:32:44] DATABASE: "comments.db" FOUND
[03.07.23|13:32:44] TABLE: "Comments" FOUND
[03.07.23|13:33:02] Folder: "/db" FOUND
[03.07.23|13:33:02] DATABASE: "users.db" FOUND
[03.07.23|13:33:02] TABLE: "Users" FOUND
[03.07.23|13:33:02] DATABASE: "posts.db" FOUND
[03.07.23|13:33:02] TABLE: "Posts" FOUND
[03.07.23|13:33:02] DATABASE: "comments.db" FOUND
[03.07.23|13:33:02] TABLE: "Comments" FOUND
[03.07.23|13:33:03] Folder: "/db" FOUND
[03.07.23|13:33:03] DATABASE: "users.db" FOUND
[03.07.23|13:33:03] TABLE: "Users" FOUND
[03.07.23|13:33:03] DATABASE: "posts.db" FOUND
[03.07.23|13:33:03] TABLE: "Posts" FOUND
[03.07.23|13:33:03] DATABASE: "comments.db" FOUND
[03.07.23|13:33:03] TABLE: "Comments" FOUND
[03.07.23|13:33:05] USER NOT LOGGED IN
[03.07.23|13:33:26] THIS EMAIL "mayank@gmail.com" IS UNAVAILABLE 
[03.07.23|13:33:36]  PASSWORDS MUST MATCH 
[03.07.23|13:34:03] 1 POINTS ADDED TO "mayank"
[03.07.23|13:34:03] USER: "mayank" LOGGED IN
[03.07.23|13:38:27] Folder: "/db" FOUND
[03.07.23|13:38:27] DATABASE: "users.db" FOUND
[03.07.23|13:38:27] TABLE: "Users" FOUND
[03.07.23|13:38:27] DATABASE: "posts.db" FOUND
[03.07.23|13:38:27] TABLE: "Posts" FOUND
[03.07.23|13:38:27] DATABASE: "comments.db" FOUND
[03.07.23|13:38:27] TABLE: "Comments" FOUND
[03.07.23|13:38:46] Folder: "/db" FOUND
[03.07.23|13:38:46] DATABASE: "users.db" FOUND
[03.07.23|13:38:46] TABLE: "Users" FOUND
[03.07.23|13:38:46] DATABASE: "posts.db" FOUND
[03.07.23|13:38:46] TABLE: "Posts" FOUND
[03.07.23|13:38:46] DATABASE: "comments.db" FOUND
[03.07.23|13:38:46] TABLE: "Comments" FOUND
[03.07.23|13:38:55] Folder: "/db" FOUND
[03.07.23|13:38:55] DATABASE: "users.db" FOUND
[03.07.23|13:38:55] TABLE: "Users" FOUND
[03.07.23|13:38:55] DATABASE: "posts.db" FOUND
[03.07.23|13:38:55] TABLE: "Posts" FOUND
[03.07.23|13:38:55] DATABASE: "comments.db" FOUND
[03.07.23|13:38:55] TABLE: "Comments" FOUND
[03.07.23|13:38:56] Folder: "/db" FOUND
[03.07.23|13:38:56] DATABASE: "users.db" FOUND
[03.07.23|13:38:56] TABLE: "Users" FOUND
[03.07.23|13:38:56] DATABASE: "posts.db" FOUND
[03.07.23|13:38:56] TABLE: "Posts" FOUND
[03.07.23|13:38:56] DATABASE: "comments.db" FOUND
[03.07.23|13:38:56] TABLE: "Comments" FOUND
[03.07.23|13:39:00] Folder: "/db" FOUND
[03.07.23|13:39:00] DATABASE: "users.db" FOUND
[03.07.23|13:39:00] TABLE: "Users" FOUND
[03.07.23|13:39:00] DATABASE: "posts.db" FOUND
[03.07.23|13:39:00] TABLE: "Posts" FOUND
[03.07.23|13:39:00] DATABASE: "comments.db" FOUND
[03.07.23|13:39:00] TABLE: "Comments" FOUND
[03.07.23|13:39:03] Folder: "/db" FOUND
[03.07.23|13:39:03] DATABASE: "users.db" FOUND
[03.07.23|13:39:03] TABLE: "Users" FOUND
[03.07.23|13:39:03] DATABASE: "posts.db" FOUND
[03.07.23|13:39:03] TABLE: "Posts" FOUND
[03.07.23|13:39:03] DATABASE: "comments.db" FOUND
[03.07.23|13:39:03] TABLE: "Comments" FOUND
[03.07.23|13:39:04] Folder: "/db" FOUND
[03.07.23|13:39:04] DATABASE: "users.db" FOUND
[03.07.23|13:39:04] TABLE: "Users" FOUND
[03.07.23|13:39:04] DATABASE: "posts.db" FOUND
[03.07.23|13:39:04] TABLE: "Posts" FOUND
[03.07.23|13:39:04] DATABASE: "comments.db" FOUND
[03.07.23|13:39:04] TABLE: "Comments" FOUND
[03.07.23|13:39:05] Folder: "/db" FOUND
[03.07.23|13:39:05] DATABASE: "users.db" FOUND
[03.07.23|13:39:05] TABLE: "Users" FOUND
[03.07.23|13:39:05] DATABASE: "posts.db" FOUND
[03.07.23|13:39:05] TABLE: "Posts" FOUND
[03.07.23|13:39:05] DATABASE: "comments.db" FOUND
[03.07.23|13:39:05] TABLE: "Comments" FOUND
[03.07.23|13:39:15] 1 POINTS ADDED TO "mayank"
[03.07.23|13:39:15] USER: "mayank" LOGGED IN
[03.07.23|13:39:44] Folder: "/db" FOUND
[03.07.23|13:39:44] DATABASE: "users.db" FOUND
[03.07.23|13:39:44] TABLE: "Users" FOUND
[03.07.23|13:39:44] DATABASE: "posts.db" FOUND
[03.07.23|13:39:44] TABLE: "Posts" FOUND
[03.07.23|13:39:44] DATABASE: "comments.db" FOUND
[03.07.23|13:39:44] TABLE: "Comments" FOUND
[03.07.23|13:39:58] Folder: "/db" FOUND
[03.07.23|13:39:58] DATABASE: "users.db" FOUND
[03.07.23|13:39:58] TABLE: "Users" FOUND
[03.07.23|13:39:58] DATABASE: "posts.db" FOUND
[03.07.23|13:39:58] TABLE: "Posts" FOUND
[03.07.23|13:39:58] DATABASE: "comments.db" FOUND
[03.07.23|13:39:58] TABLE: "Comments" FOUND
[03.07.23|13:39:59] Folder: "/db" FOUND
[03.07.23|13:39:59] DATABASE: "users.db" FOUND
[03.07.23|13:39:59] TABLE: "Users" FOUND
[03.07.23|13:39:59] DATABASE: "posts.db" FOUND
[03.07.23|13:39:59] TABLE: "Posts" FOUND
[03.07.23|13:39:59] DATABASE: "comments.db" FOUND
[03.07.23|13:39:59] TABLE: "Comments" FOUND
[03.07.23|13:39:59] Folder: "/db" FOUND
[03.07.23|13:39:59] DATABASE: "users.db" FOUND
[03.07.23|13:39:59] TABLE: "Users" FOUND
[03.07.23|13:39:59] DATABASE: "posts.db" FOUND
[03.07.23|13:39:59] TABLE: "Posts" FOUND
[03.07.23|13:39:59] DATABASE: "comments.db" FOUND
[03.07.23|13:39:59] TABLE: "Comments" FOUND
[03.07.23|13:40:02] USER NOT LOGGED IN
[03.07.23|13:40:12]  PASSWORDS MUST MATCH 
[03.07.23|13:40:19] USER: "admin" ADDED TO DATABASE
[03.07.23|13:40:28] 1 POINTS ADDED TO "admin"
[03.07.23|13:40:28] USER: "admin" LOGGED IN
[03.07.23|13:48:59] Folder: "/db" FOUND
[03.07.23|13:48:59] DATABASE: "users.db" FOUND
[03.07.23|13:48:59] TABLE: "Users" FOUND
[03.07.23|13:48:59] DATABASE: "posts.db" FOUND
[03.07.23|13:48:59] TABLE: "Posts" FOUND
[03.07.23|13:48:59] DATABASE: "comments.db" FOUND
[03.07.23|13:48:59] TABLE: "Comments" FOUND
[03.07.23|13:49:32] Folder: "/db" FOUND
[03.07.23|13:49:32] DATABASE: "users.db" FOUND
[03.07.23|13:49:32] TABLE: "Users" FOUND
[03.07.23|13:49:32] DATABASE: "posts.db" FOUND
[03.07.23|13:49:32] TABLE: "Posts" FOUND
[03.07.23|13:49:32] DATABASE: "comments.db" FOUND
[03.07.23|13:49:32] TABLE: "Comments" FOUND
[03.07.23|13:49:35] Folder: "/db" FOUND
[03.07.23|13:49:35] DATABASE: "users.db" FOUND
[03.07.23|13:49:35] TABLE: "Users" FOUND
[03.07.23|13:49:35] DATABASE: "posts.db" FOUND
[03.07.23|13:49:35] TABLE: "Posts" FOUND
[03.07.23|13:49:35] DATABASE: "comments.db" FOUND
[03.07.23|13:49:35] TABLE: "Comments" FOUND
[03.07.23|13:49:38] Folder: "/db" FOUND
[03.07.23|13:49:38] DATABASE: "users.db" FOUND
[03.07.23|13:49:38] TABLE: "Users" FOUND
[03.07.23|13:49:38] DATABASE: "posts.db" FOUND
[03.07.23|13:49:38] TABLE: "Posts" FOUND
[03.07.23|13:49:38] DATABASE: "comments.db" FOUND
[03.07.23|13:49:38] TABLE: "Comments" FOUND
[03.07.23|13:49:39] Folder: "/db" FOUND
[03.07.23|13:49:39] DATABASE: "users.db" FOUND
[03.07.23|13:49:39] TABLE: "Users" FOUND
[03.07.23|13:49:39] DATABASE: "posts.db" FOUND
[03.07.23|13:49:39] TABLE: "Posts" FOUND
[03.07.23|13:49:39] DATABASE: "comments.db" FOUND
[03.07.23|13:49:39] TABLE: "Comments" FOUND
[03.07.23|13:49:40] Folder: "/db" FOUND
[03.07.23|13:49:40] DATABASE: "users.db" FOUND
[03.07.23|13:49:40] TABLE: "Users" FOUND
[03.07.23|13:49:40] DATABASE: "posts.db" FOUND
[03.07.23|13:49:40] TABLE: "Posts" FOUND
[03.07.23|13:49:40] DATABASE: "comments.db" FOUND
[03.07.23|13:49:40] TABLE: "Comments" FOUND
[03.07.23|13:50:52] Folder: "/db" FOUND
[03.07.23|13:50:52] DATABASE: "users.db" FOUND
[03.07.23|13:50:52] TABLE: "Users" FOUND
[03.07.23|13:50:52] DATABASE: "posts.db" FOUND
[03.07.23|13:50:52] TABLE: "Posts" FOUND
[03.07.23|13:50:52] DATABASE: "comments.db" FOUND
[03.07.23|13:50:52] TABLE: "Comments" FOUND
[03.07.23|13:51:00] Folder: "/db" FOUND
[03.07.23|13:51:00] DATABASE: "users.db" FOUND
[03.07.23|13:51:00] TABLE: "Users" FOUND
[03.07.23|13:51:00] DATABASE: "posts.db" FOUND
[03.07.23|13:51:00] TABLE: "Posts" FOUND
[03.07.23|13:51:00] DATABASE: "comments.db" FOUND
[03.07.23|13:51:00] TABLE: "Comments" FOUND
[03.07.23|13:51:00] Folder: "/db" FOUND
[03.07.23|13:51:00] DATABASE: "users.db" FOUND
[03.07.23|13:51:00] TABLE: "Users" FOUND
[03.07.23|13:51:00] DATABASE: "posts.db" FOUND
[03.07.23|13:51:00] TABLE: "Posts" FOUND
[03.07.23|13:51:00] DATABASE: "comments.db" FOUND
[03.07.23|13:51:00] TABLE: "Comments" FOUND
[03.07.23|13:51:28] Folder: "/db" FOUND
[03.07.23|13:51:28] DATABASE: "users.db" FOUND
[03.07.23|13:51:28] TABLE: "Users" FOUND
[03.07.23|13:51:28] DATABASE: "posts.db" FOUND
[03.07.23|13:51:28] TABLE: "Posts" FOUND
[03.07.23|13:51:28] DATABASE: "comments.db" FOUND
[03.07.23|13:51:28] TABLE: "Comments" FOUND
[03.07.23|13:51:28] Folder: "/db" FOUND
[03.07.23|13:51:28] DATABASE: "users.db" FOUND
[03.07.23|13:51:28] TABLE: "Users" FOUND
[03.07.23|13:51:28] DATABASE: "posts.db" FOUND
[03.07.23|13:51:28] TABLE: "Posts" FOUND
[03.07.23|13:51:28] DATABASE: "comments.db" FOUND
[03.07.23|13:51:28] TABLE: "Comments" FOUND
[03.07.23|13:51:38] Folder: "/db" FOUND
[03.07.23|13:51:38] DATABASE: "users.db" FOUND
[03.07.23|13:51:38] TABLE: "Users" FOUND
[03.07.23|13:51:38] DATABASE: "posts.db" FOUND
[03.07.23|13:51:38] TABLE: "Posts" FOUND
[03.07.23|13:51:38] DATABASE: "comments.db" FOUND
[03.07.23|13:51:38] TABLE: "Comments" FOUND
[03.07.23|13:51:54] Folder: "/db" FOUND
[03.07.23|13:51:54] DATABASE: "users.db" FOUND
[03.07.23|13:51:54] TABLE: "Users" FOUND
[03.07.23|13:51:54] DATABASE: "posts.db" FOUND
[03.07.23|13:51:54] TABLE: "Posts" FOUND
[03.07.23|13:51:54] DATABASE: "comments.db" FOUND
[03.07.23|13:51:54] TABLE: "Comments" FOUND
[03.07.23|13:51:54] Folder: "/db" FOUND
[03.07.23|13:51:54] DATABASE: "users.db" FOUND
[03.07.23|13:51:54] TABLE: "Users" FOUND
[03.07.23|13:51:54] DATABASE: "posts.db" FOUND
[03.07.23|13:51:54] TABLE: "Posts" FOUND
[03.07.23|13:51:54] DATABASE: "comments.db" FOUND
[03.07.23|13:51:54] TABLE: "Comments" FOUND
[03.07.23|13:51:59] Folder: "/db" FOUND
[03.07.23|13:51:59] DATABASE: "users.db" FOUND
[03.07.23|13:51:59] TABLE: "Users" FOUND
[03.07.23|13:51:59] DATABASE: "posts.db" FOUND
[03.07.23|13:51:59] TABLE: "Posts" FOUND
[03.07.23|13:51:59] DATABASE: "comments.db" FOUND
[03.07.23|13:51:59] TABLE: "Comments" FOUND
[03.07.23|13:54:34] Folder: "/db" FOUND
[03.07.23|13:54:34] DATABASE: "users.db" FOUND
[03.07.23|13:54:34] TABLE: "Users" FOUND
[03.07.23|13:54:34] DATABASE: "posts.db" FOUND
[03.07.23|13:54:34] TABLE: "Posts" FOUND
[03.07.23|13:54:34] DATABASE: "comments.db" FOUND
[03.07.23|13:54:34] TABLE: "Comments" FOUND
[03.07.23|13:54:35] Folder: "/db" FOUND
[03.07.23|13:54:35] DATABASE: "users.db" FOUND
[03.07.23|13:54:35] TABLE: "Users" FOUND
[03.07.23|13:54:35] DATABASE: "posts.db" FOUND
[03.07.23|13:54:35] TABLE: "Posts" FOUND
[03.07.23|13:54:35] DATABASE: "comments.db" FOUND
[03.07.23|13:54:35] TABLE: "Comments" FOUND
[03.07.23|13:54:35] Folder: "/db" FOUND
[03.07.23|13:54:35] DATABASE: "users.db" FOUND
[03.07.23|13:54:35] TABLE: "Users" FOUND
[03.07.23|13:54:35] DATABASE: "posts.db" FOUND
[03.07.23|13:54:35] TABLE: "Posts" FOUND
[03.07.23|13:54:35] DATABASE: "comments.db" FOUND
[03.07.23|13:54:35] TABLE: "Comments" FOUND
[03.07.23|13:54:41] WRONG PASSWORD
[03.07.23|13:54:56] Folder: "/db" FOUND
[03.07.23|13:54:56] DATABASE: "users.db" FOUND
[03.07.23|13:54:56] TABLE: "Users" FOUND
[03.07.23|13:54:56] DATABASE: "posts.db" FOUND
[03.07.23|13:54:56] TABLE: "Posts" FOUND
[03.07.23|13:54:56] DATABASE: "comments.db" FOUND
[03.07.23|13:54:56] TABLE: "Comments" FOUND
[03.07.23|13:54:58] WRONG PASSWORD
[03.07.23|13:55:00] Folder: "/db" FOUND
[03.07.23|13:55:00] DATABASE: "users.db" FOUND
[03.07.23|13:55:00] TABLE: "Users" FOUND
[03.07.23|13:55:00] DATABASE: "posts.db" FOUND
[03.07.23|13:55:00] TABLE: "Posts" FOUND
[03.07.23|13:55:00] DATABASE: "comments.db" FOUND
[03.07.23|13:55:00] TABLE: "Comments" FOUND
[03.07.23|13:55:01] Folder: "/db" FOUND
[03.07.23|13:55:01] DATABASE: "users.db" FOUND
[03.07.23|13:55:01] TABLE: "Users" FOUND
[03.07.23|13:55:01] DATABASE: "posts.db" FOUND
[03.07.23|13:55:01] TABLE: "Posts" FOUND
[03.07.23|13:55:01] DATABASE: "comments.db" FOUND
[03.07.23|13:55:01] TABLE: "Comments" FOUND
[03.07.23|13:55:02] WRONG PASSWORD
[03.07.23|13:55:05] WRONG PASSWORD
[03.07.23|13:55:15] Folder: "/db" FOUND
[03.07.23|13:55:15] DATABASE: "users.db" FOUND
[03.07.23|13:55:15] TABLE: "Users" FOUND
[03.07.23|13:55:15] DATABASE: "posts.db" FOUND
[03.07.23|13:55:15] TABLE: "Posts" FOUND
[03.07.23|13:55:15] DATABASE: "comments.db" FOUND
[03.07.23|13:55:15] TABLE: "Comments" FOUND
[03.07.23|13:55:17] WRONG PASSWORD
[03.07.23|13:56:22] Folder: "/db" FOUND
[03.07.23|13:56:22] DATABASE: "users.db" FOUND
[03.07.23|13:56:22] TABLE: "Users" FOUND
[03.07.23|13:56:22] DATABASE: "posts.db" FOUND
[03.07.23|13:56:22] TABLE: "Posts" FOUND
[03.07.23|13:56:22] DATABASE: "comments.db" FOUND
[03.07.23|13:56:22] TABLE: "Comments" FOUND
[03.07.23|13:56:23] Folder: "/db" FOUND
[03.07.23|13:56:23] DATABASE: "users.db" FOUND
[03.07.23|13:56:23] TABLE: "Users" FOUND
[03.07.23|13:56:23] DATABASE: "posts.db" FOUND
[03.07.23|13:56:23] TABLE: "Posts" FOUND
[03.07.23|13:56:23] DATABASE: "comments.db" FOUND
[03.07.23|13:56:23] TABLE: "Comments" FOUND
[03.07.23|13:56:23] Folder: "/db" FOUND
[03.07.23|13:56:23] DATABASE: "users.db" FOUND
[03.07.23|13:56:23] TABLE: "Users" FOUND
[03.07.23|13:56:23] DATABASE: "posts.db" FOUND
[03.07.23|13:56:23] TABLE: "Posts" FOUND
[03.07.23|13:56:23] DATABASE: "comments.db" FOUND
[03.07.23|13:56:23] TABLE: "Comments" FOUND
[03.07.23|13:56:25] WRONG PASSWORD
[03.07.23|13:57:35] Folder: "/db" FOUND
[03.07.23|13:57:35] DATABASE: "users.db" FOUND
[03.07.23|13:57:35] TABLE: "Users" FOUND
[03.07.23|13:57:35] DATABASE: "posts.db" FOUND
[03.07.23|13:57:35] TABLE: "Posts" FOUND
[03.07.23|13:57:35] DATABASE: "comments.db" FOUND
[03.07.23|13:57:35] TABLE: "Comments" FOUND
[03.07.23|13:57:50] Folder: "/db" FOUND
[03.07.23|13:57:50] DATABASE: "users.db" FOUND
[03.07.23|13:57:50] TABLE: "Users" FOUND
[03.07.23|13:57:50] DATABASE: "posts.db" FOUND
[03.07.23|13:57:50] TABLE: "Posts" FOUND
[03.07.23|13:57:50] DATABASE: "comments.db" FOUND
[03.07.23|13:57:50] TABLE: "Comments" FOUND
[03.07.23|13:57:59] Folder: "/db" FOUND
[03.07.23|13:57:59] DATABASE: "users.db" FOUND
[03.07.23|13:57:59] TABLE: "Users" FOUND
[03.07.23|13:57:59] DATABASE: "posts.db" FOUND
[03.07.23|13:57:59] TABLE: "Posts" FOUND
[03.07.23|13:57:59] DATABASE: "comments.db" FOUND
[03.07.23|13:57:59] TABLE: "Comments" FOUND
[03.07.23|13:58:03] Folder: "/db" FOUND
[03.07.23|13:58:03] DATABASE: "users.db" FOUND
[03.07.23|13:58:03] TABLE: "Users" FOUND
[03.07.23|13:58:03] DATABASE: "posts.db" FOUND
[03.07.23|13:58:03] TABLE: "Posts" FOUND
[03.07.23|13:58:03] DATABASE: "comments.db" FOUND
[03.07.23|13:58:03] TABLE: "Comments" FOUND
[03.07.23|13:58:11] Folder: "/db" FOUND
[03.07.23|13:58:11] DATABASE: "users.db" FOUND
[03.07.23|13:58:11] TABLE: "Users" FOUND
[03.07.23|13:58:11] DATABASE: "posts.db" FOUND
[03.07.23|13:58:11] TABLE: "Posts" FOUND
[03.07.23|13:58:11] DATABASE: "comments.db" FOUND
[03.07.23|13:58:11] TABLE: "Comments" FOUND
[03.07.23|13:58:56] Folder: "/db" FOUND
[03.07.23|13:58:56] DATABASE: "users.db" FOUND
[03.07.23|13:58:56] TABLE: "Users" FOUND
[03.07.23|13:58:56] DATABASE: "posts.db" FOUND
[03.07.23|13:58:56] TABLE: "Posts" FOUND
[03.07.23|13:58:56] DATABASE: "comments.db" FOUND
[03.07.23|13:58:56] TABLE: "Comments" FOUND
[03.07.23|14:01:29] Folder: "/db" FOUND
[03.07.23|14:01:29] DATABASE: "users.db" FOUND
[03.07.23|14:01:29] TABLE: "Users" FOUND
[03.07.23|14:01:29] DATABASE: "posts.db" FOUND
[03.07.23|14:01:29] TABLE: "Posts" FOUND
[03.07.23|14:01:29] DATABASE: "comments.db" FOUND
[03.07.23|14:01:29] TABLE: "Comments" FOUND
